<?xml version="1.0" ?>
<testsuites disabled="0" errors="0" failures="0" tests="205" time="0.0">
	<testsuite disabled="0" errors="0" failures="0" name="terraform scan" skipped="0" tests="205" time="0">
		<properties>
[...]
</properties>
		<testcase name="[NONE][CKV_AWS_65] Ensure container insights are enabled on ECS cluster" classname="\modules\compute\main.tf.aws_ecs_cluster.main" file="\modules\compute\main.tf"/>
		<testcase name="[NONE][CKV_AWS_223] Ensure ECS Cluster enables logging of ECS Exec" classname="\modules\compute\main.tf.aws_ecs_cluster.main" file="\modules\compute\main.tf"/>
		<testcase name="[NONE][CKV_AWS_393] Ensure AWS GitHub Actions OIDC authorization policies only allow safe claims and claim order on IAM role" classname="\modules\compute\main.tf.aws_iam_role.task_execution" file="\modules\compute\main.tf"/>
		<testcase name="[NONE][CKV_AWS_274] Disallow IAM roles, users, and groups from using the AWS AdministratorAccess policy" classname="\modules\compute\main.tf.aws_iam_role.task_execution" file="\modules\compute\main.tf"/>
		<testcase name="[NONE][CKV_AWS_61] Ensure AWS IAM policy does not allow assume role permission across all services" classname="\modules\compute\main.tf.aws_iam_role.task_execution" file="\modules\compute\main.tf"/>
		<testcase name="[NONE][CKV_AWS_60] Ensure IAM role allows only specific services or principals to assume it" classname="\modules\compute\main.tf.aws_iam_role.task_execution" file="\modules\compute\main.tf"/>
		<testcase name="[NONE][CKV_AWS_274] Disallow IAM roles, users, and groups from using the AWS AdministratorAccess policy" classname="\modules\compute\main.tf.aws_iam_role_policy_attachment.task_execution_basic" file="\modules\compute\main.tf"/>
		<testcase name="[NONE][CKV_AWS_62] Ensure IAM policies that allow full &quot;*-*&quot; administrative privileges are not created" classname="\modules\compute\main.tf.aws_iam_role_policy.task_execution_secrets" file="\modules\compute\main.tf"/>
		<testcase name="[NONE][CKV_AWS_287] Ensure IAM policies does not allow credentials exposure" classname="\modules\compute\main.tf.aws_iam_role_policy.task_execution_secrets" file="\modules\compute\main.tf"/>
		<testcase name="[NONE][CKV_AWS_288] Ensure IAM policies does not allow data exfiltration" classname="\modules\compute\main.tf.aws_iam_role_policy.task_execution_secrets" file="\modules\compute\main.tf"/>
		<testcase name="[NONE][CKV_AWS_289] Ensure IAM policies does not allow permissions management / resource exposure without constraints" classname="\modules\compute\main.tf.aws_iam_role_policy.task_execution_secrets" file="\modules\compute\main.tf"/>
		<testcase name="[NONE][CKV_AWS_286] Ensure IAM policies does not allow privilege escalation" classname="\modules\compute\main.tf.aws_iam_role_policy.task_execution_secrets" file="\modules\compute\main.tf"/>
		<testcase name="[NONE][CKV_AWS_63] Ensure no IAM policies documents allow &quot;*&quot; as a statement's actions" classname="\modules\compute\main.tf.aws_iam_role_policy.task_execution_secrets" file="\modules\compute\main.tf"/>
		<testcase name="[NONE][CKV_AWS_355] Ensure no IAM policies documents allow &quot;*&quot; as a statement's resource for restrictable actions" classname="\modules\compute\main.tf.aws_iam_role_policy.task_execution_secrets" file="\modules\compute\main.tf"/>
		<testcase name="[NONE][CKV_AWS_290] Ensure IAM policies does not allow write access without constraints" classname="\modules\compute\main.tf.aws_iam_role_policy.task_execution_secrets" file="\modules\compute\main.tf"/>
		<testcase name="[NONE][CKV_AWS_393] Ensure AWS GitHub Actions OIDC authorization policies only allow safe claims and claim order on IAM role" classname="\modules\compute\main.tf.aws_iam_role.task" file="\modules\compute\main.tf"/>
		<testcase name="[NONE][CKV_AWS_274] Disallow IAM roles, users, and groups from using the AWS AdministratorAccess policy" classname="\modules\compute\main.tf.aws_iam_role.task" file="\modules\compute\main.tf"/>
		<testcase name="[NONE][CKV_AWS_61] Ensure AWS IAM policy does not allow assume role permission across all services" classname="\modules\compute\main.tf.aws_iam_role.task" file="\modules\compute\main.tf"/>
		<testcase name="[NONE][CKV_AWS_60] Ensure IAM role allows only specific services or principals to assume it" classname="\modules\compute\main.tf.aws_iam_role.task" file="\modules\compute\main.tf"/>
		<testcase name="[NONE][CKV_AWS_62] Ensure IAM policies that allow full &quot;*-*&quot; administrative privileges are not created" classname="\modules\compute\main.tf.aws_iam_role_policy.task_permissions" file="\modules\compute\main.tf"/>
		<testcase name="[NONE][CKV_AWS_287] Ensure IAM policies does not allow credentials exposure" classname="\modules\compute\main.tf.aws_iam_role_policy.task_permissions" file="\modules\compute\main.tf"/>
		<testcase name="[NONE][CKV_AWS_288] Ensure IAM policies does not allow data exfiltration" classname="\modules\compute\main.tf.aws_iam_role_policy.task_permissions" file="\modules\compute\main.tf"/>
		<testcase name="[NONE][CKV_AWS_289] Ensure IAM policies does not allow permissions management / resource exposure without constraints" classname="\modules\compute\main.tf.aws_iam_role_policy.task_permissions" file="\modules\compute\main.tf"/>
		<testcase name="[NONE][CKV_AWS_286] Ensure IAM policies does not allow privilege escalation" classname="\modules\compute\main.tf.aws_iam_role_policy.task_permissions" file="\modules\compute\main.tf"/>
		<testcase name="[NONE][CKV_AWS_63] Ensure no IAM policies documents allow &quot;*&quot; as a statement's actions" classname="\modules\compute\main.tf.aws_iam_role_policy.task_permissions" file="\modules\compute\main.tf"/>
		<testcase name="[NONE][CKV_AWS_355] Ensure no IAM policies documents allow &quot;*&quot; as a statement's resource for restrictable actions" classname="\modules\compute\main.tf.aws_iam_role_policy.task_permissions" file="\modules\compute\main.tf"/>
		<testcase name="[NONE][CKV_AWS_290] Ensure IAM policies does not allow write access without constraints" classname="\modules\compute\main.tf.aws_iam_role_policy.task_permissions" file="\modules\compute\main.tf"/>
		<testcase name="[NONE][CKV_AWS_158] Ensure that CloudWatch Log Group is encrypted by KMS" classname="\modules\compute\main.tf.aws_cloudwatch_log_group.app" file="\modules\compute\main.tf"/>
		<testcase name="[NONE][CKV_AWS_66] Ensure that CloudWatch Log Group specifies retention days" classname="\modules\compute\main.tf.aws_cloudwatch_log_group.app" file="\modules\compute\main.tf"/>
		<testcase name="[NONE][CKV_AWS_338] Ensure CloudWatch log groups retains logs for at least 1 year" classname="\modules\compute\main.tf.aws_cloudwatch_log_group.app" file="\modules\compute\main.tf"/>
		<testcase name="[NONE][CKV_AWS_158] Ensure that CloudWatch Log Group is encrypted by KMS" classname="\modules\compute\main.tf.aws_cloudwatch_log_group.xray" file="\modules\compute\main.tf"/>
		<testcase name="[NONE][CKV_AWS_66] Ensure that CloudWatch Log Group specifies retention days" classname="\modules\compute\main.tf.aws_cloudwatch_log_group.xray" file="\modules\compute\main.tf"/>
		<testcase name="[NONE][CKV_AWS_338] Ensure CloudWatch log groups retains logs for at least 1 year" classname="\modules\compute\main.tf.aws_cloudwatch_log_group.xray" file="\modules\compute\main.tf"/>
		<testcase name="[NONE][CKV_AWS_97] Ensure Encryption in transit is enabled for EFS volumes in ECS Task definitions" classname="\modules\compute\main.tf.aws_ecs_task_definition.app" file="\modules\compute\main.tf"/>
		<testcase name="[NONE][CKV_AWS_249] Ensure that the Execution Role ARN and the Task Role ARN are different in ECS Task definitions" classname="\modules\compute\main.tf.aws_ecs_task_definition.app" file="\modules\compute\main.tf"/>
		<testcase name="[NONE][CKV_AWS_328] Ensure that ALB is configured with defensive or strictest desync mitigation mode" classname="\modules\compute\main.tf.aws_lb.main" file="\modules\compute\main.tf"/>
		<testcase name="[NONE][CKV_AWS_131] Ensure that ALB drops HTTP headers" classname="\modules\compute\main.tf.aws_lb.main" file="\modules\compute\main.tf"/>
		<testcase name="[NONE][CKV_AWS_91] Ensure the ELBv2 (Application/Network) has access logging enabled" classname="\modules\compute\main.tf.aws_lb.main" file="\modules\compute\main.tf"/>
		<testcase name="[NONE][CKV_AWS_150] Ensure that Load Balancer has deletion protection enabled" classname="\modules\compute\main.tf.aws_lb.main" file="\modules\compute\main.tf"/>
		<testcase name="[NONE][CKV_AWS_2] Ensure ALB protocol is HTTPS" classname="\modules\compute\main.tf.aws_lb_listener.https" file="\modules\compute\main.tf"/>
		<testcase name="[NONE][CKV_AWS_2] Ensure ALB protocol is HTTPS" classname="\modules\compute\main.tf.aws_lb_listener.http_redirect" file="\modules\compute\main.tf"/>
		<testcase name="[NONE][CKV_AWS_261] Ensure HTTP HTTPS Target group defines Healthcheck" classname="\modules\compute\main.tf.aws_lb_target_group.app" file="\modules\compute\main.tf"/>
		<testcase name="[NONE][CKV_AWS_332] Ensure ECS Fargate services run on the latest Fargate platform version" classname="\modules\compute\main.tf.aws_ecs_service.app" file="\modules\compute\main.tf"/>
		<testcase name="[NONE][CKV_AWS_333] Ensure ECS services do not have public IP addresses assigned to them automatically" classname="\modules\compute\main.tf.aws_ecs_service.app" file="\modules\compute\main.tf"/>
		<testcase name="[NONE][CKV_AWS_319] Ensure that CloudWatch alarm actions are enabled" classname="\modules\compute\main.tf.aws_cloudwatch_metric_alarm.ecs_cpu_high" file="\modules\compute\main.tf"/>
		<testcase name="[NONE][CKV_AWS_319] Ensure that CloudWatch alarm actions are enabled" classname="\modules\compute\main.tf.aws_cloudwatch_metric_alarm.alb_latency_p99" file="\modules\compute\main.tf"/>
		<testcase name="[NONE][CKV_AWS_227] Ensure KMS key is enabled" classname="\modules\database\main.tf.aws_kms_key.rds" file="\modules\database\main.tf"/>
		<testcase name="[NONE][CKV_AWS_33] Ensure KMS key policy does not contain wildcard (*) principal" classname="\modules\database\main.tf.aws_kms_key.rds" file="\modules\database\main.tf"/>
		<testcase name="[NONE][CKV_AWS_7] Ensure rotation for customer created CMKs is enabled" classname="\modules\database\main.tf.aws_kms_key.rds" file="\modules\database\main.tf"/>
		<testcase name="[NONE][CKV_AWS_149] Ensure that Secrets Manager secret is encrypted using KMS CMK" classname="\modules\database\main.tf.aws_secretsmanager_secret.db_password" file="\modules\database\main.tf"/>
		<testcase name="[NONE][CKV_AWS_304] Ensure Secrets Manager secrets should be rotated within 90 days" classname="\modules\database\main.tf.aws_secretsmanager_secret_rotation.db_password" file="\modules\database\main.tf"/>
		<testcase name="[NONE][CKV_AWS_393] Ensure AWS GitHub Actions OIDC authorization policies only allow safe claims and claim order on IAM role" classname="\modules\database\main.tf.aws_iam_role.rds_monitoring" file="\modules\database\main.tf"/>
		<testcase name="[NONE][CKV_AWS_274] Disallow IAM roles, users, and groups from using the AWS AdministratorAccess policy" classname="\modules\database\main.tf.aws_iam_role.rds_monitoring" file="\modules\database\main.tf"/>
		<testcase name="[NONE][CKV_AWS_61] Ensure AWS IAM policy does not allow assume role permission across all services" classname="\modules\database\main.tf.aws_iam_role.rds_monitoring" file="\modules\database\main.tf"/>
		<testcase name="[NONE][CKV_AWS_60] Ensure IAM role allows only specific services or principals to assume it" classname="\modules\database\main.tf.aws_iam_role.rds_monitoring" file="\modules\database\main.tf"/>
		<testcase name="[NONE][CKV_AWS_274] Disallow IAM roles, users, and groups from using the AWS AdministratorAccess policy" classname="\modules\database\main.tf.aws_iam_role_policy_attachment.rds_monitoring" file="\modules\database\main.tf"/>
		<testcase name="[NONE][CKV_AWS_129] Ensure that respective logs of Amazon Relational Database Service (Amazon RDS) are enabled" classname="\modules\database\main.tf.aws_db_instance.main" file="\modules\database\main.tf"/>
		<testcase name="[NONE][CKV_AWS_226] Ensure DB instance gets all minor upgrades automatically" classname="\modules\database\main.tf.aws_db_instance.main" file="\modules\database\main.tf"/>
		<testcase name="[NONE][CKV_AWS_211] Ensure RDS uses a modern CaCert" classname="\modules\database\main.tf.aws_db_instance.main" file="\modules\database\main.tf"/>
		<testcase name="[NONE][CKV_AWS_16] Ensure all data stored in the RDS is securely encrypted at rest" classname="\modules\database\main.tf.aws_db_instance.main" file="\modules\database\main.tf"/>
		<testcase name="[NONE][CKV_AWS_118] Ensure that enhanced monitoring is enabled for Amazon RDS instances" classname="\modules\database\main.tf.aws_db_instance.main" file="\modules\database\main.tf"/>
		<testcase name="[NONE][CKV_AWS_293] Ensure that AWS database instances have deletion protection enabled" classname="\modules\database\main.tf.aws_db_instance.main" file="\modules\database\main.tf"/>
		<testcase name="[NONE][CKV_AWS_354] Ensure RDS Performance Insights are encrypted using KMS CMKs" classname="\modules\database\main.tf.aws_db_instance.main" file="\modules\database\main.tf"/>
		<testcase name="[NONE][CKV_AWS_353] Ensure that RDS instances have performance insights enabled" classname="\modules\database\main.tf.aws_db_instance.main" file="\modules\database\main.tf"/>
		<testcase name="[NONE][CKV_AWS_17] Ensure all data stored in RDS is not publicly accessible" classname="\modules\database\main.tf.aws_db_instance.main" file="\modules\database\main.tf"/>
		<testcase name="[NONE][CKV_AWS_388] Ensure AWS Aurora PostgreSQL is not exposed to local file read vulnerability" classname="\modules\database\main.tf.aws_db_instance.main" file="\modules\database\main.tf"/>
		<testcase name="[NONE][CKV_AWS_158] Ensure that CloudWatch Log Group is encrypted by KMS" classname="\modules\database\main.tf.aws_cloudwatch_log_group.rds_postgres" file="\modules\database\main.tf"/>
		<testcase name="[NONE][CKV_AWS_66] Ensure that CloudWatch Log Group specifies retention days" classname="\modules\database\main.tf.aws_cloudwatch_log_group.rds_postgres" file="\modules\database\main.tf"/>
		<testcase name="[NONE][CKV_AWS_338] Ensure CloudWatch log groups retains logs for at least 1 year" classname="\modules\database\main.tf.aws_cloudwatch_log_group.rds_postgres" file="\modules\database\main.tf"/>
		<testcase name="[NONE][CKV_AWS_393] Ensure AWS GitHub Actions OIDC authorization policies only allow safe claims and claim order on IAM role" classname="\modules\database\main.tf.aws_iam_role.audit_export_lambda[0]" file="\modules\database\main.tf"/>
		<testcase name="[NONE][CKV_AWS_274] Disallow IAM roles, users, and groups from using the AWS AdministratorAccess policy" classname="\modules\database\main.tf.aws_iam_role.audit_export_lambda[0]" file="\modules\database\main.tf"/>
		<testcase name="[NONE][CKV_AWS_61] Ensure AWS IAM policy does not allow assume role permission across all services" classname="\modules\database\main.tf.aws_iam_role.audit_export_lambda[0]" file="\modules\database\main.tf"/>
		<testcase name="[NONE][CKV_AWS_60] Ensure IAM role allows only specific services or principals to assume it" classname="\modules\database\main.tf.aws_iam_role.audit_export_lambda[0]" file="\modules\database\main.tf"/>
		<testcase name="[NONE][CKV_AWS_62] Ensure IAM policies that allow full &quot;*-*&quot; administrative privileges are not created" classname="\modules\database\main.tf.aws_iam_role_policy.audit_export_lambda[0]" file="\modules\database\main.tf"/>
		<testcase name="[NONE][CKV_AWS_63] Ensure no IAM policies documents allow &quot;*&quot; as a statement's actions" classname="\modules\database\main.tf.aws_iam_role_policy.audit_export_lambda[0]" file="\modules\database\main.tf"/>
		<testcase name="[NONE][CKV_AWS_363] Ensure Lambda Runtime is not deprecated" classname="\modules\database\main.tf.aws_lambda_function.audit_export[0]" file="\modules\database\main.tf"/>
		<testcase name="[NONE][CKV_AWS_272] Ensure AWS Lambda function is configured to validate code-signing" classname="\modules\database\main.tf.aws_lambda_function.audit_export[0]" file="\modules\database\main.tf"/>
		<testcase name="[NONE][CKV_AWS_116] Ensure that AWS Lambda function is configured for a Dead Letter Queue(DLQ)" classname="\modules\database\main.tf.aws_lambda_function.audit_export[0]" file="\modules\database\main.tf"/>
		<testcase name="[NONE][CKV_AWS_45] Ensure no hard-coded secrets exist in lambda environment" classname="\modules\database\main.tf.aws_lambda_function.audit_export[0]" file="\modules\database\main.tf"/>
		<testcase name="[NONE][CKV_AWS_173] Check encryption settings for Lambda environmental variable" classname="\modules\database\main.tf.aws_lambda_function.audit_export[0]" file="\modules\database\main.tf"/>
		<testcase name="[NONE][CKV_AWS_115] Ensure that AWS Lambda function is configured for function-level concurrent execution limit" classname="\modules\database\main.tf.aws_lambda_function.audit_export[0]" file="\modules\database\main.tf"/>
		<testcase name="[NONE][CKV_AWS_50] X-Ray tracing is enabled for Lambda" classname="\modules\database\main.tf.aws_lambda_function.audit_export[0]" file="\modules\database\main.tf"/>
		<testcase name="[NONE][CKV_AWS_27] Ensure all data stored in the SQS queue is encrypted" classname="\modules\database\main.tf.aws_sqs_queue.audit_export_dlq[0]" file="\modules\database\main.tf"/>
		<testcase name="[NONE][CKV_AWS_168] Ensure SQS queue policy is not public by only allowing specific services or principals to access it" classname="\modules\database\main.tf.aws_sqs_queue.audit_export_dlq[0]" file="\modules\database\main.tf"/>
		<testcase name="[NONE][CKV_AWS_301] Ensure that AWS Lambda function is not publicly accessible" classname="\modules\database\main.tf.aws_lambda_permission.audit_export[0]" file="\modules\database\main.tf"/>
		<testcase name="[NONE][CKV_AWS_364] Ensure that AWS Lambda function permissions delegated to AWS services are limited by SourceArn or SourceAccount" classname="\modules\database\main.tf.aws_lambda_permission.audit_export[0]" file="\modules\database\main.tf"/>
		<testcase name="[NONE][CKV_AWS_26] Ensure all data stored in the SNS topic is encrypted" classname="\modules\database\main.tf.aws_sns_topic.rds_alerts" file="\modules\database\main.tf"/>
		<testcase name="[NONE][CKV_AWS_319] Ensure that CloudWatch alarm actions are enabled" classname="\modules\database\main.tf.aws_cloudwatch_metric_alarm.rds_cpu_high" file="\modules\database\main.tf"/>
		<testcase name="[NONE][CKV_AWS_319] Ensure that CloudWatch alarm actions are enabled" classname="\modules\database\main.tf.aws_cloudwatch_metric_alarm.rds_connections_high" file="\modules\database\main.tf"/>
		<testcase name="[NONE][CKV_AWS_319] Ensure that CloudWatch alarm actions are enabled" classname="\modules\database\main.tf.aws_cloudwatch_metric_alarm.rds_storage_low" file="\modules\database\main.tf"/>
		<testcase name="[NONE][CKV_AWS_23] Ensure every security group and rule has a description" classname="\modules\network\main.tf.aws_security_group.alb" file="\modules\network\main.tf"/>
		<testcase name="[NONE][CKV_AWS_382] Ensure no security groups allow egress from 0.0.0.0:0 to port -1" classname="\modules\network\main.tf.aws_security_group.alb" file="\modules\network\main.tf"/>
		<testcase name="[NONE][CKV_AWS_24] Ensure no security groups allow ingress from 0.0.0.0:0 to port 22" classname="\modules\network\main.tf.aws_security_group.alb" file="\modules\network\main.tf"/>
		<testcase name="[NONE][CKV_AWS_25] Ensure no security groups allow ingress from 0.0.0.0:0 to port 3389" classname="\modules\network\main.tf.aws_security_group.alb" file="\modules\network\main.tf"/>
		<testcase name="[NONE][CKV_AWS_260] Ensure no security groups allow ingress from 0.0.0.0:0 to port 80" classname="\modules\network\main.tf.aws_security_group.alb" file="\modules\network\main.tf"/>
		<testcase name="[NONE][CKV_AWS_277] Ensure no security groups allow ingress from 0.0.0.0:0 to port -1" classname="\modules\network\main.tf.aws_security_group.alb" file="\modules\network\main.tf"/>
		<testcase name="[NONE][CKV_AWS_23] Ensure every security group and rule has a description" classname="\modules\network\main.tf.aws_security_group.ecs" file="\modules\network\main.tf"/>
		<testcase name="[NONE][CKV_AWS_382] Ensure no security groups allow egress from 0.0.0.0:0 to port -1" classname="\modules\network\main.tf.aws_security_group.ecs" file="\modules\network\main.tf"/>
		<testcase name="[NONE][CKV_AWS_24] Ensure no security groups allow ingress from 0.0.0.0:0 to port 22" classname="\modules\network\main.tf.aws_security_group.ecs" file="\modules\network\main.tf"/>
		<testcase name="[NONE][CKV_AWS_25] Ensure no security groups allow ingress from 0.0.0.0:0 to port 3389" classname="\modules\network\main.tf.aws_security_group.ecs" file="\modules\network\main.tf"/>
		<testcase name="[NONE][CKV_AWS_260] Ensure no security groups allow ingress from 0.0.0.0:0 to port 80" classname="\modules\network\main.tf.aws_security_group.ecs" file="\modules\network\main.tf"/>
		<testcase name="[NONE][CKV_AWS_277] Ensure no security groups allow ingress from 0.0.0.0:0 to port -1" classname="\modules\network\main.tf.aws_security_group.ecs" file="\modules\network\main.tf"/>
		<testcase name="[NONE][CKV_AWS_23] Ensure every security group and rule has a description" classname="\modules\network\main.tf.aws_security_group.rds" file="\modules\network\main.tf"/>
		<testcase name="[NONE][CKV_AWS_382] Ensure no security groups allow egress from 0.0.0.0:0 to port -1" classname="\modules\network\main.tf.aws_security_group.rds" file="\modules\network\main.tf"/>
		<testcase name="[NONE][CKV_AWS_24] Ensure no security groups allow ingress from 0.0.0.0:0 to port 22" classname="\modules\network\main.tf.aws_security_group.rds" file="\modules\network\main.tf"/>
		<testcase name="[NONE][CKV_AWS_25] Ensure no security groups allow ingress from 0.0.0.0:0 to port 3389" classname="\modules\network\main.tf.aws_security_group.rds" file="\modules\network\main.tf"/>
		<testcase name="[NONE][CKV_AWS_260] Ensure no security groups allow ingress from 0.0.0.0:0 to port 80" classname="\modules\network\main.tf.aws_security_group.rds" file="\modules\network\main.tf"/>
		<testcase name="[NONE][CKV_AWS_277] Ensure no security groups allow ingress from 0.0.0.0:0 to port -1" classname="\modules\network\main.tf.aws_security_group.rds" file="\modules\network\main.tf"/>
		<testcase name="[NONE][CKV_AWS_23] Ensure every security group and rule has a description" classname="\modules\network\main.tf.aws_security_group.vpc_endpoints" file="\modules\network\main.tf"/>
		<testcase name="[NONE][CKV_AWS_382] Ensure no security groups allow egress from 0.0.0.0:0 to port -1" classname="\modules\network\main.tf.aws_security_group.vpc_endpoints" file="\modules\network\main.tf"/>
		<testcase name="[NONE][CKV_AWS_24] Ensure no security groups allow ingress from 0.0.0.0:0 to port 22" classname="\modules\network\main.tf.aws_security_group.vpc_endpoints" file="\modules\network\main.tf"/>
		<testcase name="[NONE][CKV_AWS_25] Ensure no security groups allow ingress from 0.0.0.0:0 to port 3389" classname="\modules\network\main.tf.aws_security_group.vpc_endpoints" file="\modules\network\main.tf"/>
		<testcase name="[NONE][CKV_AWS_260] Ensure no security groups allow ingress from 0.0.0.0:0 to port 80" classname="\modules\network\main.tf.aws_security_group.vpc_endpoints" file="\modules\network\main.tf"/>
		<testcase name="[NONE][CKV_AWS_277] Ensure no security groups allow ingress from 0.0.0.0:0 to port -1" classname="\modules\network\main.tf.aws_security_group.vpc_endpoints" file="\modules\network\main.tf"/>
		<testcase name="[NONE][CKV_AWS_158] Ensure that CloudWatch Log Group is encrypted by KMS" classname="\modules\network\main.tf.aws_cloudwatch_log_group.vpc_flow_logs[0]" file="\modules\network\main.tf"/>
		<testcase name="[NONE][CKV_AWS_66] Ensure that CloudWatch Log Group specifies retention days" classname="\modules\network\main.tf.aws_cloudwatch_log_group.vpc_flow_logs[0]" file="\modules\network\main.tf"/>
		<testcase name="[NONE][CKV_AWS_338] Ensure CloudWatch log groups retains logs for at least 1 year" classname="\modules\network\main.tf.aws_cloudwatch_log_group.vpc_flow_logs[0]" file="\modules\network\main.tf"/>
		<testcase name="[NONE][CKV_AWS_393] Ensure AWS GitHub Actions OIDC authorization policies only allow safe claims and claim order on IAM role" classname="\modules\network\main.tf.aws_iam_role.vpc_flow_logs[0]" file="\modules\network\main.tf"/>
		<testcase name="[NONE][CKV_AWS_274] Disallow IAM roles, users, and groups from using the AWS AdministratorAccess policy" classname="\modules\network\main.tf.aws_iam_role.vpc_flow_logs[0]" file="\modules\network\main.tf"/>
		<testcase name="[NONE][CKV_AWS_61] Ensure AWS IAM policy does not allow assume role permission across all services" classname="\modules\network\main.tf.aws_iam_role.vpc_flow_logs[0]" file="\modules\network\main.tf"/>
		<testcase name="[NONE][CKV_AWS_60] Ensure IAM role allows only specific services or principals to assume it" classname="\modules\network\main.tf.aws_iam_role.vpc_flow_logs[0]" file="\modules\network\main.tf"/>
		<testcase name="[NONE][CKV_AWS_62] Ensure IAM policies that allow full &quot;*-*&quot; administrative privileges are not created" classname="\modules\network\main.tf.aws_iam_role_policy.vpc_flow_logs[0]" file="\modules\network\main.tf"/>
		<testcase name="[NONE][CKV_AWS_287] Ensure IAM policies does not allow credentials exposure" classname="\modules\network\main.tf.aws_iam_role_policy.vpc_flow_logs[0]" file="\modules\network\main.tf"/>
		<testcase name="[NONE][CKV_AWS_288] Ensure IAM policies does not allow data exfiltration" classname="\modules\network\main.tf.aws_iam_role_policy.vpc_flow_logs[0]" file="\modules\network\main.tf"/>
		<testcase name="[NONE][CKV_AWS_289] Ensure IAM policies does not allow permissions management / resource exposure without constraints" classname="\modules\network\main.tf.aws_iam_role_policy.vpc_flow_logs[0]" file="\modules\network\main.tf"/>
		<testcase name="[NONE][CKV_AWS_286] Ensure IAM policies does not allow privilege escalation" classname="\modules\network\main.tf.aws_iam_role_policy.vpc_flow_logs[0]" file="\modules\network\main.tf"/>
		<testcase name="[NONE][CKV_AWS_63] Ensure no IAM policies documents allow &quot;*&quot; as a statement's actions" classname="\modules\network\main.tf.aws_iam_role_policy.vpc_flow_logs[0]" file="\modules\network\main.tf"/>
		<testcase name="[NONE][CKV_AWS_355] Ensure no IAM policies documents allow &quot;*&quot; as a statement's resource for restrictable actions" classname="\modules\network\main.tf.aws_iam_role_policy.vpc_flow_logs[0]" file="\modules\network\main.tf"/>
		<testcase name="[NONE][CKV_AWS_290] Ensure IAM policies does not allow write access without constraints" classname="\modules\network\main.tf.aws_iam_role_policy.vpc_flow_logs[0]" file="\modules\network\main.tf"/>
		<testcase name="[NONE][CKV_AWS_93] Ensure S3 bucket policy does not lockout all but root user. (Prevent lockouts needing root account fixes)" classname="\modules\storage\main.tf.aws_s3_bucket.spa" file="\modules\storage\main.tf"/>
		<testcase name="[NONE][CKV_AWS_53] Ensure S3 bucket has block public ACLS enabled" classname="\modules\storage\main.tf.aws_s3_bucket_public_access_block.spa" file="\modules\storage\main.tf"/>
		<testcase name="[NONE][CKV_AWS_54] Ensure S3 bucket has block public policy enabled" classname="\modules\storage\main.tf.aws_s3_bucket_public_access_block.spa" file="\modules\storage\main.tf"/>
		<testcase name="[NONE][CKV_AWS_55] Ensure S3 bucket has ignore public ACLs enabled" classname="\modules\storage\main.tf.aws_s3_bucket_public_access_block.spa" file="\modules\storage\main.tf"/>
		<testcase name="[NONE][CKV_AWS_56] Ensure S3 bucket has 'restrict_public_buckets' enabled" classname="\modules\storage\main.tf.aws_s3_bucket_public_access_block.spa" file="\modules\storage\main.tf"/>
		<testcase name="[NONE][CKV_AWS_300] Ensure S3 lifecycle configuration sets period for aborting failed uploads" classname="\modules\storage\main.tf.aws_s3_bucket_lifecycle_configuration.spa" file="\modules\storage\main.tf"/>
		<testcase name="[NONE][CKV_AWS_93] Ensure S3 bucket policy does not lockout all but root user. (Prevent lockouts needing root account fixes)" classname="\modules\storage\main.tf.aws_s3_bucket.audit" file="\modules\storage\main.tf"/>
		<testcase name="[NONE][CKV_AWS_53] Ensure S3 bucket has block public ACLS enabled" classname="\modules\storage\main.tf.aws_s3_bucket_public_access_block.audit" file="\modules\storage\main.tf"/>
		<testcase name="[NONE][CKV_AWS_54] Ensure S3 bucket has block public policy enabled" classname="\modules\storage\main.tf.aws_s3_bucket_public_access_block.audit" file="\modules\storage\main.tf"/>
		<testcase name="[NONE][CKV_AWS_55] Ensure S3 bucket has ignore public ACLs enabled" classname="\modules\storage\main.tf.aws_s3_bucket_public_access_block.audit" file="\modules\storage\main.tf"/>
		<testcase name="[NONE][CKV_AWS_56] Ensure S3 bucket has 'restrict_public_buckets' enabled" classname="\modules\storage\main.tf.aws_s3_bucket_public_access_block.audit" file="\modules\storage\main.tf"/>
		<testcase name="[NONE][CKV_AWS_300] Ensure S3 lifecycle configuration sets period for aborting failed uploads" classname="\modules\storage\main.tf.aws_s3_bucket_lifecycle_configuration.audit" file="\modules\storage\main.tf"/>
		<testcase name="[NONE][CKV_AWS_70] Ensure S3 bucket does not allow an action with any Principal" classname="\modules\storage\main.tf.aws_s3_bucket_policy.audit" file="\modules\storage\main.tf"/>
		<testcase name="[NONE][CKV_AWS_93] Ensure S3 bucket policy does not lockout all but root user. (Prevent lockouts needing root account fixes)" classname="\modules\storage\main.tf.aws_s3_bucket_policy.audit" file="\modules\storage\main.tf"/>
		<testcase name="[NONE][CKV_AWS_192] Ensure WAF prevents message lookup in Log4j2. See CVE-2021-44228 aka log4jshell" classname="\modules\storage\main.tf.aws_wafv2_web_acl.cloudfront" file="\modules\storage\main.tf"/>
		<testcase name="[NONE][CKV_AWS_175] Ensure WAF has associated rules" classname="\modules\storage\main.tf.aws_wafv2_web_acl.cloudfront" file="\modules\storage\main.tf"/>
		<testcase name="[NONE][CKV_AWS_342] Ensure WAF rule has any actions" classname="\modules\storage\main.tf.aws_wafv2_web_acl.cloudfront" file="\modules\storage\main.tf"/>
		<testcase name="[NONE][CKV_AWS_305] Ensure CloudFront distribution has a default root object configured" classname="\modules\storage\main.tf.aws_cloudfront_distribution.spa" file="\modules\storage\main.tf"/>
		<testcase name="[NONE][CKV_AWS_216] Ensure CloudFront distribution is enabled" classname="\modules\storage\main.tf.aws_cloudfront_distribution.spa" file="\modules\storage\main.tf"/>
		<testcase name="[NONE][CKV_AWS_34] Ensure CloudFront distribution ViewerProtocolPolicy is set to HTTPS" classname="\modules\storage\main.tf.aws_cloudfront_distribution.spa" file="\modules\storage\main.tf"/>
		<testcase name="[NONE][CKV_AWS_86] Ensure CloudFront distribution has Access Logging enabled" classname="\modules\storage\main.tf.aws_cloudfront_distribution.spa" file="\modules\storage\main.tf"/>
		<testcase name="[NONE][CKV_AWS_374] Ensure AWS CloudFront web distribution has geo restriction enabled" classname="\modules\storage\main.tf.aws_cloudfront_distribution.spa" file="\modules\storage\main.tf"/>
		<testcase name="[NONE][CKV_AWS_174] Verify CloudFront Distribution Viewer Certificate is using TLS v1.2 or higher" classname="\modules\storage\main.tf.aws_cloudfront_distribution.spa" file="\modules\storage\main.tf"/>
		<testcase name="[NONE][CKV_AWS_68] CloudFront Distribution should have WAF enabled" classname="\modules\storage\main.tf.aws_cloudfront_distribution.spa" file="\modules\storage\main.tf"/>
		<testcase name="[NONE][CKV_AWS_259] Ensure CloudFront response header policy enforces Strict Transport Security" classname="\modules\storage\main.tf.aws_cloudfront_response_headers_policy.security" file="\modules\storage\main.tf"/>
		<testcase name="[NONE][CKV_AWS_70] Ensure S3 bucket does not allow an action with any Principal" classname="\modules\storage\main.tf.aws_s3_bucket_policy.spa" file="\modules\storage\main.tf"/>
		<testcase name="[NONE][CKV_AWS_93] Ensure S3 bucket policy does not lockout all but root user. (Prevent lockouts needing root account fixes)" classname="\modules\storage\main.tf.aws_s3_bucket_policy.spa" file="\modules\storage\main.tf"/>
		<testcase name="[NONE][CKV_AWS_77] Ensure Athena Database is encrypted at rest (default is unencrypted)" classname="\modules\storage\main.tf.aws_athena_database.audit" file="\modules\storage\main.tf"/>
		<testcase name="[NONE][CKV_AWS_82] Ensure Athena Workgroup should enforce configuration to prevent client disabling encryption" classname="\modules\storage\main.tf.aws_athena_workgroup.audit" file="\modules\storage\main.tf"/>
		<testcase name="[NONE][CKV_AWS_159] Ensure that Athena Workgroup is encrypted" classname="\modules\storage\main.tf.aws_athena_workgroup.audit" file="\modules\storage\main.tf"/>
		<testcase name="[NONE][CKV2_AWS_20] Ensure that ALB redirects HTTP requests into HTTPS ones" classname="\modules\compute\main.tf.aws_lb.main" file="\modules\compute\main.tf"/>
		<testcase name="[NONE][CKV2_AWS_35] AWS NAT Gateways should be utilized for the default route" classname="\modules\network\main.tf.aws_route_table.public" file="\modules\network\main.tf"/>
		<testcase name="[NONE][CKV2_AWS_35] AWS NAT Gateways should be utilized for the default route" classname="\modules\network\main.tf.aws_route_table.private[0]" file="\modules\network\main.tf"/>
		<testcase name="[NONE][CKV2_AWS_35] AWS NAT Gateways should be utilized for the default route" classname="\modules\network\main.tf.aws_route_table.isolated" file="\modules\network\main.tf"/>
		<testcase name="[NONE][CKV_AWS_103] Ensure that load balancer is using at least TLS 1.2" classname="\modules\compute\main.tf.aws_lb_listener.https" file="\modules\compute\main.tf"/>
		<testcase name="[NONE][CKV_AWS_103] Ensure that load balancer is using at least TLS 1.2" classname="\modules\compute\main.tf.aws_lb_listener.http_redirect" file="\modules\compute\main.tf"/>
		<testcase name="[NONE][CKV2_AWS_42] Ensure AWS CloudFront distribution uses custom SSL certificate" classname="\modules\storage\main.tf.aws_cloudfront_distribution.spa" file="\modules\storage\main.tf"/>
		<testcase name="[NONE][CKV2_AWS_32] Ensure CloudFront distribution has a response headers policy attached" classname="\modules\storage\main.tf.aws_cloudfront_distribution.spa" file="\modules\storage\main.tf"/>
		<testcase name="[NONE][CKV2_AWS_72] Ensure AWS CloudFront origin protocol policy enforces HTTPS-only" classname="\modules\storage\main.tf.aws_cloudfront_distribution.spa" file="\modules\storage\main.tf"/>
		<testcase name="[NONE][CKV2_AWS_28] Ensure public facing ALB are protected by WAF" classname="\modules\compute\main.tf.aws_lb.main" file="\modules\compute\main.tf"/>
		<testcase name="[NONE][CKV2_AWS_54] Ensure AWS CloudFront distribution is using secure SSL protocols for HTTPS communication" classname="\modules\storage\main.tf.aws_cloudfront_distribution.spa" file="\modules\storage\main.tf"/>
		<testcase name="[NONE][CKV2_AWS_46] Ensure AWS CloudFront Distribution with S3 have Origin Access set to enabled" classname="\modules\storage\main.tf.aws_cloudfront_distribution.spa" file="\modules\storage\main.tf"/>
		<testcase name="[NONE][CKV2_AWS_56] Ensure AWS Managed IAMFullAccess IAM policy is not used." classname="\modules\compute\main.tf.aws_iam_role_policy_attachment.task_execution_basic" file="\modules\compute\main.tf"/>
		<testcase name="[NONE][CKV2_AWS_56] Ensure AWS Managed IAMFullAccess IAM policy is not used." classname="\modules\database\main.tf.aws_iam_role_policy_attachment.rds_monitoring" file="\modules\database\main.tf"/>
		<testcase name="[NONE][CKV2_AWS_75] Ensure no open CORS policy" classname="\modules\database\main.tf.aws_lambda_function.audit_export[0]" file="\modules\database\main.tf"/>
		<testcase name="[NONE][CKV2_AWS_74] Ensure AWS Load Balancers use strong ciphers" classname="\modules\compute\main.tf.aws_lb_listener.https" file="\modules\compute\main.tf"/>
		<testcase name="[NONE][CKV2_AWS_74] Ensure AWS Load Balancers use strong ciphers" classname="\modules\compute\main.tf.aws_lb_listener.http_redirect" file="\modules\compute\main.tf"/>
		<testcase name="[NONE][CKV2_AWS_64] Ensure KMS key Policy is defined" classname="\modules\database\main.tf.aws_kms_key.rds" file="\modules\database\main.tf"/>
		<testcase name="[NONE][CKV2_AWS_19] Ensure that all EIP addresses allocated to a VPC are attached to EC2 instances" classname="\modules\network\main.tf.aws_eip.nat[0]" file="\modules\network\main.tf"/>
		<testcase name="[NONE][CKV2_AWS_40] Ensure AWS IAM policy does not allow full IAM privileges" classname="\modules\compute\main.tf.aws_iam_role_policy.task_execution_secrets" file="\modules\compute\main.tf"/>
		<testcase name="[NONE][CKV2_AWS_40] Ensure AWS IAM policy does not allow full IAM privileges" classname="\modules\compute\main.tf.aws_iam_role_policy.task_permissions" file="\modules\compute\main.tf"/>
		<testcase name="[NONE][CKV2_AWS_40] Ensure AWS IAM policy does not allow full IAM privileges" classname="\modules\database\main.tf.aws_iam_role_policy.audit_export_lambda[0]" file="\modules\database\main.tf"/>
		<testcase name="[NONE][CKV2_AWS_40] Ensure AWS IAM policy does not allow full IAM privileges" classname="\modules\network\main.tf.aws_iam_role_policy.vpc_flow_logs[0]" file="\modules\network\main.tf"/>
		<testcase name="[NONE][CKV2_AWS_69] Ensure AWS RDS database instance configured with encryption in transit" classname="\modules\database\main.tf.aws_db_instance.main" file="\modules\database\main.tf"/>
		<testcase name="[NONE][CKV2_AWS_61] Ensure that an S3 bucket has a lifecycle configuration" classname="\modules\storage\main.tf.aws_s3_bucket.spa" file="\modules\storage\main.tf"/>
		<testcase name="[NONE][CKV2_AWS_61] Ensure that an S3 bucket has a lifecycle configuration" classname="\modules\storage\main.tf.aws_s3_bucket.audit" file="\modules\storage\main.tf"/>
		<testcase name="[NONE][CKV2_AWS_57] Ensure Secrets Manager secrets should have automatic rotation enabled" classname="\modules\database\main.tf.aws_secretsmanager_secret.db_password" file="\modules\database\main.tf"/>
		<testcase name="[NONE][CKV2_AWS_11] Ensure VPC flow logging is enabled in all VPCs" classname="\modules\network\main.tf.aws_vpc.main" file="\modules\network\main.tf"/>
		<testcase name="[NONE][CKV2_AWS_44] Ensure AWS route table with VPC peering does not contain routes overly permissive to all traffic" classname="\modules\network\main.tf.aws_route_table.public" file="\modules\network\main.tf"/>
		<testcase name="[NONE][CKV2_AWS_44] Ensure AWS route table with VPC peering does not contain routes overly permissive to all traffic" classname="\modules\network\main.tf.aws_route_table.private[0]" file="\modules\network\main.tf"/>
		<testcase name="[NONE][CKV2_AWS_44] Ensure AWS route table with VPC peering does not contain routes overly permissive to all traffic" classname="\modules\network\main.tf.aws_route_table.isolated" file="\modules\network\main.tf"/>
		<testcase name="[NONE][CKV2_AWS_30] Ensure Postgres RDS as aws_db_instance has Query Logging enabled" classname="\modules\database\main.tf.aws_db_instance.main" file="\modules\database\main.tf"/>
		<testcase name="[NONE][CKV_AWS_57] S3 Bucket has an ACL defined which allows public WRITE access." classname="\modules\storage\main.tf.aws_s3_bucket.spa" file="\modules\storage\main.tf"/>
		<testcase name="[NONE][CKV_AWS_57] S3 Bucket has an ACL defined which allows public WRITE access." classname="\modules\storage\main.tf.aws_s3_bucket.audit" file="\modules\storage\main.tf"/>
		<testcase name="[NONE][CKV_AWS_20] S3 Bucket has an ACL defined which allows public READ access." classname="\modules\storage\main.tf.aws_s3_bucket.spa" file="\modules\storage\main.tf"/>
		<testcase name="[NONE][CKV_AWS_20] S3 Bucket has an ACL defined which allows public READ access." classname="\modules\storage\main.tf.aws_s3_bucket.audit" file="\modules\storage\main.tf"/>
		<testcase name="[NONE][CKV_AWS_378] Ensure AWS Load Balancer doesn't use HTTP protocol" classname="\modules\compute\main.tf.aws_lb_target_group.app" file="\modules\compute\main.tf"/>
		<testcase name="[NONE][CKV_AWS_145] Ensure that S3 buckets are encrypted with KMS by default" classname="\modules\storage\main.tf.aws_s3_bucket.spa" file="\modules\storage\main.tf"/>
		<testcase name="[NONE][CKV_AWS_145] Ensure that S3 buckets are encrypted with KMS by default" classname="\modules\storage\main.tf.aws_s3_bucket.audit" file="\modules\storage\main.tf"/>
		<testcase name="[NONE][CKV_AWS_21] Ensure all data stored in the S3 bucket have versioning enabled" classname="\modules\storage\main.tf.aws_s3_bucket.spa" file="\modules\storage\main.tf"/>
		<testcase name="[NONE][CKV_AWS_21] Ensure all data stored in the S3 bucket have versioning enabled" classname="\modules\storage\main.tf.aws_s3_bucket.audit" file="\modules\storage\main.tf"/>
		<testcase name="[NONE][CKV_AWS_19] Ensure all data stored in the S3 bucket is securely encrypted at rest" classname="\modules\storage\main.tf.aws_s3_bucket.spa" file="\modules\storage\main.tf"/>
		<testcase name="[NONE][CKV_AWS_19] Ensure all data stored in the S3 bucket is securely encrypted at rest" classname="\modules\storage\main.tf.aws_s3_bucket.audit" file="\modules\storage\main.tf"/>
		<testcase name="[NONE][CKV2_AWS_6] Ensure that S3 bucket has a Public Access block" classname="\modules\storage\main.tf.aws_s3_bucket.spa" file="\modules\storage\main.tf"/>
		<testcase name="[NONE][CKV2_AWS_6] Ensure that S3 bucket has a Public Access block" classname="\modules\storage\main.tf.aws_s3_bucket.audit" file="\modules\storage\main.tf"/>
		<testcase name="[NONE][CKV2_AWS_12] Ensure the default security group of every VPC restricts all traffic" classname="\modules\network\main.tf.aws_vpc.main" file="\modules\network\main.tf"/>
	</testsuite>
</testsuites>
